[0.956s] Invoking command in '/home/robu/work/robu_lm_ws/src/robu': PYTHONPATH=/home/robu/work/robu_lm_ws/src/build/robu/prefix_override:/home/robu/work/robu_lm_ws/src/install/robu/lib/python3.10/site-packages:${PYTHONPATH} /usr/bin/python3 setup.py egg_info --egg-base ../build/robu build --build-base /home/robu/work/robu_lm_ws/src/build/robu/build install --record /home/robu/work/robu_lm_ws/src/build/robu/install.log --single-version-externally-managed
[1.414s] running egg_info
[1.415s] creating ../build/robu/robu.egg-info
[1.415s] writing ../build/robu/robu.egg-info/PKG-INFO
[1.416s] writing dependency_links to ../build/robu/robu.egg-info/dependency_links.txt
[1.417s] writing entry points to ../build/robu/robu.egg-info/entry_points.txt
[1.419s] writing requirements to ../build/robu/robu.egg-info/requires.txt
[1.420s] writing top-level names to ../build/robu/robu.egg-info/top_level.txt
[1.421s] writing manifest file '../build/robu/robu.egg-info/SOURCES.txt'
[1.423s] reading manifest file '../build/robu/robu.egg-info/SOURCES.txt'
[1.424s] writing manifest file '../build/robu/robu.egg-info/SOURCES.txt'
[1.426s] running build
[1.426s] running build_py
[1.427s] creating /home/robu/work/robu_lm_ws/src/build/robu/build
[1.427s] creating /home/robu/work/robu_lm_ws/src/build/robu/build/lib
[1.427s] creating /home/robu/work/robu_lm_ws/src/build/robu/build/lib/robu
[1.427s] copying robu/ex10_wallfollower.py -> /home/robu/work/robu_lm_ws/src/build/robu/build/lib/robu
[1.429s] copying robu/publisher_member_function.py -> /home/robu/work/robu_lm_ws/src/build/robu/build/lib/robu
[1.430s] copying robu/__init__.py -> /home/robu/work/robu_lm_ws/src/build/robu/build/lib/robu
[1.430s] copying robu/subscriber_member_function.py -> /home/robu/work/robu_lm_ws/src/build/robu/build/lib/robu
[1.432s] running install
[1.432s] running install_lib
[1.434s] creating /home/robu/work/robu_lm_ws/src/install/robu/lib/python3.10/site-packages/robu
[1.434s] copying /home/robu/work/robu_lm_ws/src/build/robu/build/lib/robu/ex10_wallfollower.py -> /home/robu/work/robu_lm_ws/src/install/robu/lib/python3.10/site-packages/robu
[1.434s] copying /home/robu/work/robu_lm_ws/src/build/robu/build/lib/robu/publisher_member_function.py -> /home/robu/work/robu_lm_ws/src/install/robu/lib/python3.10/site-packages/robu
[1.435s] copying /home/robu/work/robu_lm_ws/src/build/robu/build/lib/robu/__init__.py -> /home/robu/work/robu_lm_ws/src/install/robu/lib/python3.10/site-packages/robu
[1.435s] copying /home/robu/work/robu_lm_ws/src/build/robu/build/lib/robu/subscriber_member_function.py -> /home/robu/work/robu_lm_ws/src/install/robu/lib/python3.10/site-packages/robu
[1.436s] byte-compiling /home/robu/work/robu_lm_ws/src/install/robu/lib/python3.10/site-packages/robu/ex10_wallfollower.py to ex10_wallfollower.cpython-310.pyc
[1.436s] byte-compiling /home/robu/work/robu_lm_ws/src/install/robu/lib/python3.10/site-packages/robu/publisher_member_function.py to publisher_member_function.cpython-310.pyc
[1.437s] byte-compiling /home/robu/work/robu_lm_ws/src/install/robu/lib/python3.10/site-packages/robu/__init__.py to __init__.cpython-310.pyc
[1.437s] byte-compiling /home/robu/work/robu_lm_ws/src/install/robu/lib/python3.10/site-packages/robu/subscriber_member_function.py to subscriber_member_function.cpython-310.pyc
[1.438s] running install_data
[1.438s] creating /home/robu/work/robu_lm_ws/src/install/robu/share
[1.439s] creating /home/robu/work/robu_lm_ws/src/install/robu/share/ament_index
[1.439s] creating /home/robu/work/robu_lm_ws/src/install/robu/share/ament_index/resource_index
[1.439s] creating /home/robu/work/robu_lm_ws/src/install/robu/share/ament_index/resource_index/packages
[1.439s] copying resource/robu -> /home/robu/work/robu_lm_ws/src/install/robu/share/ament_index/resource_index/packages
[1.439s] creating /home/robu/work/robu_lm_ws/src/install/robu/share/robu
[1.439s] copying package.xml -> /home/robu/work/robu_lm_ws/src/install/robu/share/robu
[1.440s] running install_egg_info
[1.446s] Copying ../build/robu/robu.egg-info to /home/robu/work/robu_lm_ws/src/install/robu/lib/python3.10/site-packages/robu-0.0.0-py3.10.egg-info
[1.447s] running install_scripts
[1.475s] Installing ex10_wallfollower = robu.ex10_wallfollower:mainmypublisher = robu.publisher_member_function.mainmysubscriber script to /home/robu/work/robu_lm_ws/src/install/robu/lib/robu
[1.476s] writing list of installed files to '/home/robu/work/robu_lm_ws/src/build/robu/install.log'
[1.518s] Invoked command in '/home/robu/work/robu_lm_ws/src/robu' returned '0': PYTHONPATH=/home/robu/work/robu_lm_ws/src/build/robu/prefix_override:/home/robu/work/robu_lm_ws/src/install/robu/lib/python3.10/site-packages:${PYTHONPATH} /usr/bin/python3 setup.py egg_info --egg-base ../build/robu build --build-base /home/robu/work/robu_lm_ws/src/build/robu/build install --record /home/robu/work/robu_lm_ws/src/build/robu/install.log --single-version-externally-managed
