[0.937s] Invoking command in '/home/robu/work/robu_lm_ws/src/robu': PYTHONPATH=/home/robu/work/robu_lm_ws/build/robu/prefix_override:/home/robu/work/robu_lm_ws/install/robu/lib/python3.10/site-packages:${PYTHONPATH} /usr/bin/python3 setup.py egg_info --egg-base ../../build/robu build --build-base /home/robu/work/robu_lm_ws/build/robu/build install --record /home/robu/work/robu_lm_ws/build/robu/install.log --single-version-externally-managed
[1.324s] running egg_info
[1.325s] creating ../../build/robu/robu.egg-info
[1.326s] writing ../../build/robu/robu.egg-info/PKG-INFO
[1.326s] writing dependency_links to ../../build/robu/robu.egg-info/dependency_links.txt
[1.327s] writing entry points to ../../build/robu/robu.egg-info/entry_points.txt
[1.327s] writing requirements to ../../build/robu/robu.egg-info/requires.txt
[1.327s] writing top-level names to ../../build/robu/robu.egg-info/top_level.txt
[1.328s] writing manifest file '../../build/robu/robu.egg-info/SOURCES.txt'
[1.331s] reading manifest file '../../build/robu/robu.egg-info/SOURCES.txt'
[1.333s] writing manifest file '../../build/robu/robu.egg-info/SOURCES.txt'
[1.334s] running build
[1.334s] running build_py
[1.334s] creating /home/robu/work/robu_lm_ws/build/robu/build
[1.335s] creating /home/robu/work/robu_lm_ws/build/robu/build/lib
[1.335s] creating /home/robu/work/robu_lm_ws/build/robu/build/lib/robu
[1.336s] copying robu/ex10_wallfollower.py -> /home/robu/work/robu_lm_ws/build/robu/build/lib/robu
[1.337s] copying robu/publisher_member_function.py -> /home/robu/work/robu_lm_ws/build/robu/build/lib/robu
[1.337s] copying robu/__init__.py -> /home/robu/work/robu_lm_ws/build/robu/build/lib/robu
[1.338s] copying robu/subscriber_member_function.py -> /home/robu/work/robu_lm_ws/build/robu/build/lib/robu
[1.338s] running install
[1.339s] running install_lib
[1.340s] creating /home/robu/work/robu_lm_ws/install/robu/lib/python3.10/site-packages/robu
[1.341s] copying /home/robu/work/robu_lm_ws/build/robu/build/lib/robu/ex10_wallfollower.py -> /home/robu/work/robu_lm_ws/install/robu/lib/python3.10/site-packages/robu
[1.341s] copying /home/robu/work/robu_lm_ws/build/robu/build/lib/robu/publisher_member_function.py -> /home/robu/work/robu_lm_ws/install/robu/lib/python3.10/site-packages/robu
[1.342s] copying /home/robu/work/robu_lm_ws/build/robu/build/lib/robu/__init__.py -> /home/robu/work/robu_lm_ws/install/robu/lib/python3.10/site-packages/robu
[1.342s] copying /home/robu/work/robu_lm_ws/build/robu/build/lib/robu/subscriber_member_function.py -> /home/robu/work/robu_lm_ws/install/robu/lib/python3.10/site-packages/robu
[1.343s] byte-compiling /home/robu/work/robu_lm_ws/install/robu/lib/python3.10/site-packages/robu/ex10_wallfollower.py to ex10_wallfollower.cpython-310.pyc
[1.344s] byte-compiling /home/robu/work/robu_lm_ws/install/robu/lib/python3.10/site-packages/robu/publisher_member_function.py to publisher_member_function.cpython-310.pyc
[1.344s] byte-compiling /home/robu/work/robu_lm_ws/install/robu/lib/python3.10/site-packages/robu/__init__.py to __init__.cpython-310.pyc
[1.345s] byte-compiling /home/robu/work/robu_lm_ws/install/robu/lib/python3.10/site-packages/robu/subscriber_member_function.py to subscriber_member_function.cpython-310.pyc
[1.346s] running install_data
[1.346s] creating /home/robu/work/robu_lm_ws/install/robu/share
[1.347s] creating /home/robu/work/robu_lm_ws/install/robu/share/ament_index
[1.347s] creating /home/robu/work/robu_lm_ws/install/robu/share/ament_index/resource_index
[1.347s] creating /home/robu/work/robu_lm_ws/install/robu/share/ament_index/resource_index/packages
[1.348s] copying resource/robu -> /home/robu/work/robu_lm_ws/install/robu/share/ament_index/resource_index/packages
[1.348s] creating /home/robu/work/robu_lm_ws/install/robu/share/robu
[1.348s] copying package.xml -> /home/robu/work/robu_lm_ws/install/robu/share/robu
[1.349s] running install_egg_info
[1.352s] Copying ../../build/robu/robu.egg-info to /home/robu/work/robu_lm_ws/install/robu/lib/python3.10/site-packages/robu-0.0.0-py3.10.egg-info
[1.354s] running install_scripts
[1.380s] Installing ex10_wallfollower = robu.ex10_wallfollower:mainmypublisher = robu.publisher_member_function.mainmysubscriber script to /home/robu/work/robu_lm_ws/install/robu/lib/robu
[1.381s] writing list of installed files to '/home/robu/work/robu_lm_ws/build/robu/install.log'
[1.432s] Invoked command in '/home/robu/work/robu_lm_ws/src/robu' returned '0': PYTHONPATH=/home/robu/work/robu_lm_ws/build/robu/prefix_override:/home/robu/work/robu_lm_ws/install/robu/lib/python3.10/site-packages:${PYTHONPATH} /usr/bin/python3 setup.py egg_info --egg-base ../../build/robu build --build-base /home/robu/work/robu_lm_ws/build/robu/build install --record /home/robu/work/robu_lm_ws/build/robu/install.log --single-version-externally-managed
